<?xml version="1.0" encoding="UTF-8"?>
<!-- Generated by org.testng.reporters.JUnitXMLReporter -->
<testsuite hostname="DESKTOP-GOV353R" ignored="0" name="Default test" tests="2" failures="0" timestamp="10 Feb 2019 16:59:53 GMT" time="136.263" errors="0">
  <testcase name="VerifyItemPriceOnCart" time="0.044" classname="com.practice.qa.scripts.cart.Cart"/>
  <testcase name="verifyItemDescriptionOnCart" time="0.049" classname="com.practice.qa.scripts.cart.Cart"/>
</testsuite> <!-- Default test -->
