<?xml version="1.0" encoding="UTF-8"?>
<!-- Generated by org.testng.reporters.JUnitXMLReporter -->
<testsuite hostname="DESKTOP-GOV353R" ignored="1" name="Default test(failed)(failed)" tests="1" failures="0" timestamp="10 Feb 2019 15:21:51 GMT" time="79.712" errors="0">
  <testcase name="verifyItemDescriptionOnCart" time="0.063" classname="com.practice.qa.scripts.cart.Cart"/>
  <testcase name="VerifyItemPriceOnCart" time="0.0" classname="com.practice.qa.scripts.cart.Cart">
    <ignored/>
  </testcase> <!-- VerifyItemPriceOnCart -->
</testsuite> <!-- Default test(failed)(failed) -->
