<?xml version="1.0" encoding="UTF-8"?>
<testng-results ignored="0" total="1" passed="1" failed="0" skipped="0">
  <reporter-output>
  </reporter-output>
  <suite started-at="2019-02-02T13:15:44Z" name="com.practice.qa.scripts.EndToEndFlowTest" finished-at="2019-02-02T13:16:41Z" duration-ms="57189">
    <groups>
    </groups>
    <test started-at="2019-02-02T13:15:44Z" name="Command line test" finished-at="2019-02-02T13:16:41Z" duration-ms="57189">
      <class name="com.practice.qa.scripts.EndToEndFlowTest">
        <test-method is-config="true" signature="setUp()[pri:0, instance:com.practice.qa.scripts.EndToEndFlowTest@49b0b76]" started-at="2019-02-02T18:45:44Z" name="setUp" finished-at="2019-02-02T18:46:24Z" duration-ms="39911" status="PASS">
          <reporter-output>
          </reporter-output>
        </test-method> <!-- setUp -->
        <test-method signature="loginTest()[pri:0, instance:com.practice.qa.scripts.EndToEndFlowTest@49b0b76]" started-at="2019-02-02T18:46:24Z" name="loginTest" finished-at="2019-02-02T18:46:40Z" duration-ms="16649" status="PASS">
          <reporter-output>
          </reporter-output>
        </test-method> <!-- loginTest -->
        <test-method is-config="true" signature="tearDown()[pri:0, instance:com.practice.qa.scripts.EndToEndFlowTest@49b0b76]" started-at="2019-02-02T18:46:40Z" name="tearDown" finished-at="2019-02-02T18:46:41Z" duration-ms="609" status="PASS">
          <reporter-output>
          </reporter-output>
        </test-method> <!-- tearDown -->
      </class> <!-- com.practice.qa.scripts.EndToEndFlowTest -->
    </test> <!-- Command line test -->
  </suite> <!-- com.practice.qa.scripts.EndToEndFlowTest -->
</testng-results>
